{"uid":"4aedf439e3a3cd23","name":"test_req_wal_03_robot_walks_forward_by_variable_distances[24-29-50-51-20-13-10]","fullName":"steps.walking_steps#test_req_wal_03_robot_walks_forward_by_variable_distances","historyId":"1333fc3367c9c45de90d1e2b45cbbf99","time":{"start":1760372777248,"stop":1760372777250,"duration":2},"description":"/app/features/walking.feature: <REQ_WAL_03> Robot walks forward by variable distances","descriptionHtml":"<p>/app/features/walking.feature: &lt;REQ_WAL_03&gt; Robot walks forward by variable distances</p>\n","status":"failed","statusMessage":"AssertionError: assert (24, 80, 50) == (20, 13, 10)\n  \n  At index 0 diff: 24 != 20\n  \n  Full diff:\n    (\n  -     20,\n  ?      ^...\n  \n  ...Full output truncated (9 lines hidden), use '-vv' to show","statusTrace":"/usr/local/lib/python3.11/site-packages/_pytest/fixtures.py:930: in call_fixture_func\n    fixture_result = fixturefunc(**kwargs)\n                     ^^^^^^^^^^^^^^^^^^^^^\nsteps/walking_steps.py:54: in check_robot_position\n    assert pos == (x, y, z)\nE   AssertionError: assert (24, 80, 50) == (20, 13, 10)\nE     \nE     At index 0 diff: 24 != 20\nE     \nE     Full diff:\nE       (\nE     -     20,\nE     ?      ^...\nE     \nE     ...Full output truncated (9 lines hidden), use '-vv' to show","flaky":false,"newFailed":false,"newBroken":false,"newPassed":false,"retriesCount":0,"retriesStatusChange":false,"beforeStages":[{"name":"sim","time":{"start":1760372777248,"stop":1760372777248,"duration":0},"status":"passed","steps":[],"attachments":[],"parameters":[],"shouldDisplayMessage":false,"stepsCount":0,"attachmentsCount":0,"hasContent":false,"attachmentStep":false}],"testStage":{"description":"/app/features/walking.feature: <REQ_WAL_03> Robot walks forward by variable distances","status":"failed","statusMessage":"AssertionError: assert (24, 80, 50) == (20, 13, 10)\n  \n  At index 0 diff: 24 != 20\n  \n  Full diff:\n    (\n  -     20,\n  ?      ^...\n  \n  ...Full output truncated (9 lines hidden), use '-vv' to show","statusTrace":"/usr/local/lib/python3.11/site-packages/_pytest/fixtures.py:930: in call_fixture_func\n    fixture_result = fixturefunc(**kwargs)\n                     ^^^^^^^^^^^^^^^^^^^^^\nsteps/walking_steps.py:54: in check_robot_position\n    assert pos == (x, y, z)\nE   AssertionError: assert (24, 80, 50) == (20, 13, 10)\nE     \nE     At index 0 diff: 24 != 20\nE     \nE     Full diff:\nE       (\nE     -     20,\nE     ?      ^...\nE     \nE     ...Full output truncated (9 lines hidden), use '-vv' to show","steps":[{"name":"Given a robot at position [24, 29, 50]","time":{"start":1760372777248,"stop":1760372777248,"duration":0},"status":"passed","steps":[],"attachments":[],"parameters":[],"shouldDisplayMessage":false,"stepsCount":0,"attachmentsCount":0,"hasContent":false,"attachmentStep":false},{"name":"When the robot walks forward by 51 units","time":{"start":1760372777249,"stop":1760372777249,"duration":0},"status":"passed","steps":[],"attachments":[],"parameters":[],"shouldDisplayMessage":false,"stepsCount":0,"attachmentsCount":0,"hasContent":false,"attachmentStep":false},{"name":"Then the robot should be at position [20, 13, 10]","time":{"start":1760372777249,"stop":1760372777249,"duration":0},"status":"failed","statusMessage":"AssertionError: assert (24, 80, 50) == (20, 13, 10)\n  \n  At index 0 diff: 24 != 20\n  \n  Full diff:\n    (\n  -     20,\n  ?      ^...\n  \n  ...Full output truncated (9 lines hidden), use '-vv' to show\n","statusTrace":"  File \"/app/steps/walking_steps.py\", line 54, in check_robot_position\n    assert pos == (x, y, z)\n","steps":[],"attachments":[],"parameters":[],"shouldDisplayMessage":true,"stepsCount":0,"attachmentsCount":0,"hasContent":true,"attachmentStep":false}],"attachments":[],"parameters":[],"shouldDisplayMessage":true,"stepsCount":3,"attachmentsCount":0,"hasContent":true,"attachmentStep":false},"afterStages":[],"labels":[{"name":"tag","value":"walking"},{"name":"parentSuite","value":"steps"},{"name":"suite","value":"walking_steps"},{"name":"host","value":"cc2fb53b062f"},{"name":"thread","value":"27-MainThread"},{"name":"framework","value":"pytest"},{"name":"language","value":"cpython3"},{"name":"package","value":"steps.walking_steps"},{"name":"resultFormat","value":"allure2"}],"parameters":[{"name":"_pytest_bdd_example","value":"{'start_x': '24', 'start_y': '29', 'start_z': '50', 'distance': '51', 'end_x': '20', 'end_y': '13', 'end_z': '10'}"}],"links":[],"hidden":true,"retry":true,"extra":{"categories":[],"tags":["walking"]},"source":"4aedf439e3a3cd23.json","parameterValues":["{'start_x': '24', 'start_y': '29', 'start_z': '50', 'distance': '51', 'end_x': '20', 'end_y': '13', 'end_z': '10'}"]}