{"uid":"be31518079d3d007","name":"test_req_sen_02_sensor_detects_objects_at_various_positions_within_range[8.5-7.4-9-8]","fullName":"steps.sensor_steps#test_req_sen_02_sensor_detects_objects_at_various_positions_within_range","historyId":"384608be95b73a8ac151d5739adb5dc7","time":{"start":1760372779899,"stop":1760372779901,"duration":2},"description":"D:\\a\\robotics_bdd\\robotics_bdd\\features\\sensors.feature: <REQ_SEN_02> Sensor detects objects at various positions within range","descriptionHtml":"<p>D:\\a\\robotics_bdd\\robotics_bdd\\features\\sensors.feature: &lt;REQ_SEN_02&gt; Sensor detects objects at various positions within range</p>\n","status":"failed","statusMessage":"AssertionError: assert (7.4, 9.0, 8.0) in []\n +  where [] = getattr(<simulation.robot_sim.RobotSim object at 0x000001F7E101C610>, 'detected_objects', [])","statusTrace":"C:\\hostedtoolcache\\windows\\Python\\3.11.9\\x64\\Lib\\site-packages\\_pytest\\fixtures.py:930: in call_fixture_func\n    fixture_result = fixturefunc(**kwargs)\n                     ^^^^^^^^^^^^^^^^^^^^^\nsteps\\sensor_steps.py:74: in sensor_detects\n    assert obj in getattr(sim, \"detected_objects\", [])\nE   AssertionError: assert (7.4, 9.0, 8.0) in []\nE    +  where [] = getattr(<simulation.robot_sim.RobotSim object at 0x000001F7E101C610>, 'detected_objects', [])","flaky":false,"newFailed":false,"newBroken":false,"newPassed":false,"retriesCount":1,"retriesStatusChange":false,"beforeStages":[{"name":"sim","time":{"start":1760372779899,"stop":1760372779899,"duration":0},"status":"passed","steps":[],"attachments":[],"parameters":[],"shouldDisplayMessage":false,"stepsCount":0,"attachmentsCount":0,"hasContent":false,"attachmentStep":false}],"testStage":{"description":"D:\\a\\robotics_bdd\\robotics_bdd\\features\\sensors.feature: <REQ_SEN_02> Sensor detects objects at various positions within range","status":"failed","statusMessage":"AssertionError: assert (7.4, 9.0, 8.0) in []\n +  where [] = getattr(<simulation.robot_sim.RobotSim object at 0x000001F7E101C610>, 'detected_objects', [])","statusTrace":"C:\\hostedtoolcache\\windows\\Python\\3.11.9\\x64\\Lib\\site-packages\\_pytest\\fixtures.py:930: in call_fixture_func\n    fixture_result = fixturefunc(**kwargs)\n                     ^^^^^^^^^^^^^^^^^^^^^\nsteps\\sensor_steps.py:74: in sensor_detects\n    assert obj in getattr(sim, \"detected_objects\", [])\nE   AssertionError: assert (7.4, 9.0, 8.0) in []\nE    +  where [] = getattr(<simulation.robot_sim.RobotSim object at 0x000001F7E101C610>, 'detected_objects', [])","steps":[{"name":"Given a sensor with range 8.5","time":{"start":1760372779899,"stop":1760372779901,"duration":2},"status":"passed","steps":[],"attachments":[],"parameters":[],"shouldDisplayMessage":false,"stepsCount":0,"attachmentsCount":0,"hasContent":false,"attachmentStep":false},{"name":"Given an object is placed at [7.4, 9.0, 8.0]","time":{"start":1760372779901,"stop":1760372779901,"duration":0},"status":"passed","steps":[],"attachments":[],"parameters":[],"shouldDisplayMessage":false,"stepsCount":0,"attachmentsCount":0,"hasContent":false,"attachmentStep":false},{"name":"When the sensor scans","time":{"start":1760372779901,"stop":1760372779901,"duration":0},"status":"passed","steps":[],"attachments":[],"parameters":[],"shouldDisplayMessage":false,"stepsCount":0,"attachmentsCount":0,"hasContent":false,"attachmentStep":false},{"name":"Then the object should be detected","time":{"start":1760372779901,"stop":1760372779901,"duration":0},"status":"failed","statusMessage":"AssertionError: assert (7.4, 9.0, 8.0) in []\n +  where [] = getattr(<simulation.robot_sim.RobotSim object at 0x000001F7E101C610>, 'detected_objects', [])\n","statusTrace":"  File \"D:\\a\\robotics_bdd\\robotics_bdd\\steps\\sensor_steps.py\", line 74, in sensor_detects\n    assert obj in getattr(sim, \"detected_objects\", [])\n","steps":[],"attachments":[],"parameters":[],"shouldDisplayMessage":true,"stepsCount":0,"attachmentsCount":0,"hasContent":true,"attachmentStep":false}],"attachments":[],"parameters":[],"shouldDisplayMessage":true,"stepsCount":4,"attachmentsCount":0,"hasContent":true,"attachmentStep":false},"afterStages":[],"labels":[{"name":"tag","value":"object_detection"},{"name":"tag","value":"sensors"},{"name":"parentSuite","value":"steps"},{"name":"suite","value":"sensor_steps"},{"name":"host","value":"runnervmd3hz3"},{"name":"thread","value":"5428-MainThread"},{"name":"framework","value":"pytest"},{"name":"language","value":"cpython3"},{"name":"package","value":"steps.sensor_steps"},{"name":"resultFormat","value":"allure2"}],"parameters":[{"name":"_pytest_bdd_example","value":"{'range': '8.5', 'obj_x': '7.4', 'obj_y': '9', 'obj_z': '8'}"}],"links":[],"hidden":false,"retry":false,"extra":{"severity":"normal","retries":[{"uid":"19f972e266e7ecb4","status":"failed","statusDetails":"AssertionError: assert (7.4, 9.0, 8.0) in []\n +  where [] = getattr(<simulation.robot_sim.RobotSim object at 0x7fe14914aed0>, 'detected_objects', [])","time":{"start":1760372777163,"stop":1760372777164,"duration":1}}],"categories":[{"name":"Core Logic / Navigation Defect","description":"Standard BDD assertion failures where the robot's final position, object status, or movement outcome did not match the expected result defined in the 'Then' steps.","messageRegex":".*(AssertionError|not approximately|less than|greater than|final position).*","matchedStatuses":["failed"],"flaky":false}],"tags":["sensors","object_detection"]},"source":"be31518079d3d007.json","parameterValues":["{'range': '8.5', 'obj_x': '7.4', 'obj_y': '9', 'obj_z': '8'}"]}