{"uid":"c0beaa6e7cc3e1c0","name":"test_req_sen_02_sensor_detects_objects_at_various_positions_within_range[8.5-7.4-9-8]","fullName":"steps.sensor_steps#test_req_sen_02_sensor_detects_objects_at_various_positions_within_range","historyId":"384608be95b73a8ac151d5739adb5dc7","time":{"start":1760310505814,"stop":1760310505816,"duration":2},"description":"/home/runner/work/robotics_bdd/robotics_bdd/features/sensors.feature: <REQ_SEN_02> Sensor detects objects at various positions within range","descriptionHtml":"<p>/home/runner/work/robotics_bdd/robotics_bdd/features/sensors.feature: &lt;REQ_SEN_02&gt; Sensor detects objects at various positions within range</p>\n","status":"failed","statusMessage":"AssertionError: assert (7.4, 9.0, 8.0) in []\n +  where [] = getattr(<simulation.robot_sim.RobotSim object at 0x7f9b5a11a980>, 'detected_objects', [])","statusTrace":"/opt/hostedtoolcache/Python/3.10.18/x64/lib/python3.10/site-packages/_pytest/fixtures.py:930: in call_fixture_func\n    fixture_result = fixturefunc(**kwargs)\nsteps/sensor_steps.py:74: in sensor_detects\n    assert obj in getattr(sim, \"detected_objects\", [])\nE   AssertionError: assert (7.4, 9.0, 8.0) in []\nE    +  where [] = getattr(<simulation.robot_sim.RobotSim object at 0x7f9b5a11a980>, 'detected_objects', [])","flaky":false,"newFailed":false,"newBroken":false,"newPassed":false,"retriesCount":0,"retriesStatusChange":false,"beforeStages":[{"name":"sim","time":{"start":1760310505815,"stop":1760310505815,"duration":0},"status":"passed","steps":[],"attachments":[],"parameters":[],"shouldDisplayMessage":false,"stepsCount":0,"attachmentsCount":0,"hasContent":false,"attachmentStep":false}],"testStage":{"description":"/home/runner/work/robotics_bdd/robotics_bdd/features/sensors.feature: <REQ_SEN_02> Sensor detects objects at various positions within range","status":"failed","statusMessage":"AssertionError: assert (7.4, 9.0, 8.0) in []\n +  where [] = getattr(<simulation.robot_sim.RobotSim object at 0x7f9b5a11a980>, 'detected_objects', [])","statusTrace":"/opt/hostedtoolcache/Python/3.10.18/x64/lib/python3.10/site-packages/_pytest/fixtures.py:930: in call_fixture_func\n    fixture_result = fixturefunc(**kwargs)\nsteps/sensor_steps.py:74: in sensor_detects\n    assert obj in getattr(sim, \"detected_objects\", [])\nE   AssertionError: assert (7.4, 9.0, 8.0) in []\nE    +  where [] = getattr(<simulation.robot_sim.RobotSim object at 0x7f9b5a11a980>, 'detected_objects', [])","steps":[{"name":"Given a sensor with range 8.5","time":{"start":1760310505815,"stop":1760310505815,"duration":0},"status":"passed","steps":[],"attachments":[],"parameters":[],"shouldDisplayMessage":false,"stepsCount":0,"attachmentsCount":0,"hasContent":false,"attachmentStep":false},{"name":"Given an object is placed at [7.4, 9.0, 8.0]","time":{"start":1760310505815,"stop":1760310505815,"duration":0},"status":"passed","steps":[],"attachments":[],"parameters":[],"shouldDisplayMessage":false,"stepsCount":0,"attachmentsCount":0,"hasContent":false,"attachmentStep":false},{"name":"When the sensor scans","time":{"start":1760310505815,"stop":1760310505815,"duration":0},"status":"passed","steps":[],"attachments":[],"parameters":[],"shouldDisplayMessage":false,"stepsCount":0,"attachmentsCount":0,"hasContent":false,"attachmentStep":false},{"name":"Then the object should be detected","time":{"start":1760310505815,"stop":1760310505816,"duration":1},"status":"failed","statusMessage":"AssertionError: assert (7.4, 9.0, 8.0) in []\n +  where [] = getattr(<simulation.robot_sim.RobotSim object at 0x7f9b5a11a980>, 'detected_objects', [])\n","statusTrace":"  File \"/home/runner/work/robotics_bdd/robotics_bdd/steps/sensor_steps.py\", line 74, in sensor_detects\n    assert obj in getattr(sim, \"detected_objects\", [])\n","steps":[],"attachments":[],"parameters":[],"shouldDisplayMessage":true,"stepsCount":0,"attachmentsCount":0,"hasContent":true,"attachmentStep":false}],"attachments":[],"parameters":[],"shouldDisplayMessage":true,"stepsCount":4,"attachmentsCount":0,"hasContent":true,"attachmentStep":false},"afterStages":[],"labels":[{"name":"tag","value":"object_detection"},{"name":"tag","value":"sensors"},{"name":"parentSuite","value":"steps"},{"name":"suite","value":"sensor_steps"},{"name":"host","value":"runnervmwhb2z"},{"name":"thread","value":"2177-MainThread"},{"name":"framework","value":"pytest"},{"name":"language","value":"cpython3"},{"name":"package","value":"steps.sensor_steps"},{"name":"resultFormat","value":"allure2"}],"parameters":[{"name":"_pytest_bdd_example","value":"{'range': '8.5', 'obj_x': '7.4', 'obj_y': '9', 'obj_z': '8'}"}],"links":[],"hidden":false,"retry":false,"extra":{"severity":"normal","retries":[],"categories":[{"name":"Core Logic / Navigation Defect","description":"Standard BDD assertion failures where the robot's final position, object status, or movement outcome did not match the expected result defined in the 'Then' steps.","messageRegex":".*(AssertionError|not approximately|less than|greater than|final position).*","matchedStatuses":["failed"],"flaky":false}],"tags":["sensors","object_detection"]},"source":"c0beaa6e7cc3e1c0.json","parameterValues":["{'range': '8.5', 'obj_x': '7.4', 'obj_y': '9', 'obj_z': '8'}"]}