{"name": "test_req_wal_03_robot_walks_forward_by_variable_distances[24-29-50-51-20-13-10]", "status": "failed", "statusDetails": {"message": "AssertionError: assert (24, 80, 50) == (20, 13, 10)\n  \n  At index 0 diff: 24 != 20\n  \n  Full diff:\n    (\n  -     20,\n  ?      ^...\n  \n  ...Full output truncated (9 lines hidden), use '-vv' to show", "trace": "/usr/local/lib/python3.11/site-packages/_pytest/fixtures.py:930: in call_fixture_func\n    fixture_result = fixturefunc(**kwargs)\n                     ^^^^^^^^^^^^^^^^^^^^^\nsteps/walking_steps.py:54: in check_robot_position\n    assert pos == (x, y, z)\nE   AssertionError: assert (24, 80, 50) == (20, 13, 10)\nE     \nE     At index 0 diff: 24 != 20\nE     \nE     Full diff:\nE       (\nE     -     20,\nE     ?      ^...\nE     \nE     ...Full output truncated (9 lines hidden), use '-vv' to show"}, "description": "/app/features/walking.feature: <REQ_WAL_03> Robot walks forward by variable distances", "steps": [{"name": "Given a robot at position [24, 29, 50]", "status": "passed", "start": 1760372423893, "stop": 1760372423893}, {"name": "When the robot walks forward by 51 units", "status": "passed", "start": 1760372423893, "stop": 1760372423893}, {"name": "Then the robot should be at position [20, 13, 10]", "status": "failed", "statusDetails": {"message": "AssertionError: assert (24, 80, 50) == (20, 13, 10)\n  \n  At index 0 diff: 24 != 20\n  \n  Full diff:\n    (\n  -     20,\n  ?      ^...\n  \n  ...Full output truncated (9 lines hidden), use '-vv' to show\n", "trace": "  File \"/app/steps/walking_steps.py\", line 54, in check_robot_position\n    assert pos == (x, y, z)\n"}, "start": 1760372423893, "stop": 1760372423894}], "parameters": [{"name": "_pytest_bdd_example", "value": "{'start_x': '24', 'start_y': '29', 'start_z': '50', 'distance': '51', 'end_x': '20', 'end_y': '13', 'end_z': '10'}"}], "start": 1760372423892, "stop": 1760372423894, "uuid": "eedb8d4e-a1a8-4419-955f-97ff6a4a2519", "historyId": "1333fc3367c9c45de90d1e2b45cbbf99", "testCaseId": "97190c504790d135c840819a03d7caf9", "fullName": "steps.walking_steps#test_req_wal_03_robot_walks_forward_by_variable_distances", "labels": [{"name": "tag", "value": "walking"}, {"name": "parentSuite", "value": "steps"}, {"name": "suite", "value": "walking_steps"}, {"name": "host", "value": "ca54bf6b878b"}, {"name": "thread", "value": "27-MainThread"}, {"name": "framework", "value": "pytest"}, {"name": "language", "value": "cpython3"}, {"name": "package", "value": "steps.walking_steps"}], "titlePath": ["steps", "walking_steps.py"]}